<?xml version="1.0" encoding="UTF-8"?>
<!-- Generated by org.testng.reporters.JUnitReportReporter -->
<testsuite hostname="Rakshitas-MacBook-Pro.local" name="com.android.qtpselenium.mobileRegressionTestCases.receiverDeviceInfoCheck" tests="2" failures="0" timestamp="15 Feb 2016 09:36:00 GMT" time="8.499" errors="0">
  <testcase name="termsAndConditionsCheck" time="6.303" classname="com.android.qtpselenium.mobileRegressionTestCases.receiverDeviceInfoCheck"/>
  <testcase name="getDetails" time="2.196" classname="com.android.qtpselenium.mobileRegressionTestCases.receiverDeviceInfoCheck"/>
</testsuite> <!-- com.android.qtpselenium.mobileRegressionTestCases.receiverDeviceInfoCheck -->
