<?xml version="1.0" encoding="UTF-8"?>
<!-- Generated by org.testng.reporters.JUnitReportReporter -->
<testsuite hostname="Rakshitas-MacBook-Pro.local" name="com.android.qtpselenium.mobileRegressionTestCases.senderDeviceInfoCheck" tests="2" failures="0" timestamp="15 Feb 2016 09:35:23 GMT" time="8.356" errors="0">
  <testcase name="getDetails" time="2.280" classname="com.android.qtpselenium.mobileRegressionTestCases.senderDeviceInfoCheck"/>
  <testcase name="termsAndConditionsCheck" time="6.076" classname="com.android.qtpselenium.mobileRegressionTestCases.senderDeviceInfoCheck"/>
</testsuite> <!-- com.android.qtpselenium.mobileRegressionTestCases.senderDeviceInfoCheck -->
