<?xml version="1.0" encoding="UTF-8"?>
<!-- Generated by org.testng.reporters.JUnitReportReporter -->
<testsuite hostname="Rakshitas-MacBook-Pro.local" name="com.android.qtpselenium.mobileRegressionTestCases.dataTransferChecks" tests="4" failures="0" timestamp="15 Feb 2016 09:37:59 GMT" time="34.720" errors="0">
  <testcase name="selectiveDataTransfer" time="0.819" classname="com.android.qtpselenium.mobileRegressionTestCases.dataTransferChecks"/>
  <testcase name="timeEstimateCheck" time="26.314" classname="com.android.qtpselenium.mobileRegressionTestCases.dataTransferChecks"/>
  <testcase name="remindersNotSupported" time="1.187" classname="com.android.qtpselenium.mobileRegressionTestCases.dataTransferChecks"/>
  <testcase name="documentsNotSupported" time="6.400" classname="com.android.qtpselenium.mobileRegressionTestCases.dataTransferChecks"/>
</testsuite> <!-- com.android.qtpselenium.mobileRegressionTestCases.dataTransferChecks -->
