<?xml version="1.0" encoding="UTF-8"?>
<!-- Generated by org.testng.reporters.JUnitReportReporter -->
<testsuite hostname="Rakshitas-MacBook-Pro.local" name="com.android.qtpselenium.mobileRegressionTestCases.wifiInterruptionCheck" tests="1" failures="0" timestamp="15 Feb 2016 07:45:25 GMT" time="42.391" errors="0">
  <testcase name="wifiInterrupt" time="42.391" classname="com.android.qtpselenium.mobileRegressionTestCases.wifiInterruptionCheck"/>
</testsuite> <!-- com.android.qtpselenium.mobileRegressionTestCases.wifiInterruptionCheck -->
